Determining if the pthread_create exist failed with the following output:
Change Dir: /home/ubuntu/armpi_fpv/build/CMakeFiles/CMakeTmp

Run Build Command:"/usr/bin/make" "cmTC_af35d/fast"
/usr/bin/make -f CMakeFiles/cmTC_af35d.dir/build.make CMakeFiles/cmTC_af35d.dir/build
make[1]: Entering directory '/home/ubuntu/armpi_fpv/build/CMakeFiles/CMakeTmp'
Building C object CMakeFiles/cmTC_af35d.dir/CheckSymbolExists.c.o
/usr/bin/cc    -o CMakeFiles/cmTC_af35d.dir/CheckSymbolExists.c.o   -c /home/ubuntu/armpi_fpv/build/CMakeFiles/CMakeTmp/CheckSymbolExists.c
Linking C executable cmTC_af35d
/usr/bin/cmake -E cmake_link_script CMakeFiles/cmTC_af35d.dir/link.txt --verbose=1
/usr/bin/cc      -rdynamic CMakeFiles/cmTC_af35d.dir/CheckSymbolExists.c.o  -o cmTC_af35d 
CMakeFiles/cmTC_af35d.dir/CheckSymbolExists.c.o: In function `main':
CheckSymbolExists.c:(.text+0x14): undefined reference to `pthread_create'
CheckSymbolExists.c:(.text+0x18): undefined reference to `pthread_create'
collect2: error: ld returned 1 exit status
CMakeFiles/cmTC_af35d.dir/build.make:97: recipe for target 'cmTC_af35d' failed
make[1]: *** [cmTC_af35d] Error 1
make[1]: Leaving directory '/home/ubuntu/armpi_fpv/build/CMakeFiles/CMakeTmp'
Makefile:126: recipe for target 'cmTC_af35d/fast' failed
make: *** [cmTC_af35d/fast] Error 2

File /home/ubuntu/armpi_fpv/build/CMakeFiles/CMakeTmp/CheckSymbolExists.c:
/* */
#include <pthread.h>

int main(int argc, char** argv)
{
  (void)argv;
#ifndef pthread_create
  return ((int*)(&pthread_create))[argc];
#else
  (void)argc;
  return 0;
#endif
}

Determining if the function pthread_create exists in the pthreads failed with the following output:
Change Dir: /home/ubuntu/armpi_fpv/build/CMakeFiles/CMakeTmp

Run Build Command:"/usr/bin/make" "cmTC_51e30/fast"
/usr/bin/make -f CMakeFiles/cmTC_51e30.dir/build.make CMakeFiles/cmTC_51e30.dir/build
make[1]: Entering directory '/home/ubuntu/armpi_fpv/build/CMakeFiles/CMakeTmp'
Building C object CMakeFiles/cmTC_51e30.dir/CheckFunctionExists.c.o
/usr/bin/cc   -DCHECK_FUNCTION_EXISTS=pthread_create   -o CMakeFiles/cmTC_51e30.dir/CheckFunctionExists.c.o   -c /usr/share/cmake-3.10/Modules/CheckFunctionExists.c
Linking C executable cmTC_51e30
/usr/bin/cmake -E cmake_link_script CMakeFiles/cmTC_51e30.dir/link.txt --verbose=1
/usr/bin/cc  -DCHECK_FUNCTION_EXISTS=pthread_create    -rdynamic CMakeFiles/cmTC_51e30.dir/CheckFunctionExists.c.o  -o cmTC_51e30 -lpthreads 
/usr/bin/ld: cannot find -lpthreads
collect2: error: ld returned 1 exit status
CMakeFiles/cmTC_51e30.dir/build.make:97: recipe for target 'cmTC_51e30' failed
make[1]: *** [cmTC_51e30] Error 1
make[1]: Leaving directory '/home/ubuntu/armpi_fpv/build/CMakeFiles/CMakeTmp'
Makefile:126: recipe for target 'cmTC_51e30/fast' failed
make: *** [cmTC_51e30/fast] Error 2


